2020-05-14 12:08:24,211 INFO o.s.b.StartupInfoLogger [main] Starting PaymybuddyApplication on PO702946VW7JAV with PID 6716 (C:\Users\S061930\git\paymybuddy\target\classes started by S061930 in C:\Users\S061930\git\paymybuddy)
2020-05-14 12:08:24,221 INFO o.s.b.SpringApplication [main] No active profile set, falling back to default profiles: default
2020-05-14 12:08:25,418 INFO o.s.d.r.c.RepositoryConfigurationDelegate [main] Bootstrapping Spring Data JPA repositories in DEFAULT mode.
2020-05-14 12:08:25,565 INFO o.s.d.r.c.RepositoryConfigurationDelegate [main] Finished Spring Data repository scanning in 153ms. Found 5 JPA repository interfaces.
2020-05-14 12:08:26,286 INFO o.s.b.w.e.t.TomcatWebServer [main] Tomcat initialized with port(s): 8080 (http)
2020-05-14 12:08:26,296 INFO o.a.j.l.DirectJDKLog [main] Initializing ProtocolHandler ["http-nio-8080"]
2020-05-14 12:08:26,298 INFO o.a.j.l.DirectJDKLog [main] Starting service [Tomcat]
2020-05-14 12:08:26,299 INFO o.a.j.l.DirectJDKLog [main] Starting Servlet engine: [Apache Tomcat/9.0.31]
2020-05-14 12:08:26,442 INFO o.a.j.l.DirectJDKLog [main] Initializing Spring embedded WebApplicationContext
2020-05-14 12:08:26,444 INFO o.s.b.w.s.c.ServletWebServerApplicationContext [main] Root WebApplicationContext: initialization completed in 2140 ms
2020-05-14 12:08:26,612 INFO o.h.j.i.u.LogHelper [main] HHH000204: Processing PersistenceUnitInfo [name: default]
2020-05-14 12:08:26,678 INFO o.h.Version [main] HHH000412: Hibernate ORM core version 5.4.12.Final
2020-05-14 12:08:27,364 INFO o.h.a.c.r.j.JavaReflectionManager [main] HCANN000001: Hibernate Commons Annotations {5.1.0.Final}
2020-05-14 12:08:27,455 INFO c.z.h.HikariDataSource [main] HikariPool-1 - Starting...
2020-05-14 12:08:28,057 INFO c.z.h.HikariDataSource [main] HikariPool-1 - Start completed.
2020-05-14 12:08:28,072 INFO o.h.d.Dialect [main] HHH000400: Using dialect: org.hibernate.dialect.MySQL5Dialect
2020-05-14 12:08:29,691 INFO o.h.t.s.i.e.AbstractScriptSourceInput [main] HHH000476: Executing import script 'file:/C:/Users/S061930/git/paymybuddy/target/classes/import.sql'
2020-05-14 12:08:30,149 INFO o.h.e.t.j.p.i.JtaPlatformInitiator [main] HHH000490: Using JtaPlatform implementation: [org.hibernate.engine.transaction.jta.platform.internal.NoJtaPlatform]
2020-05-14 12:08:30,157 INFO o.s.o.j.AbstractEntityManagerFactoryBean [main] Initialized JPA EntityManagerFactory for persistence unit 'default'
2020-05-14 12:08:30,694 WARN o.s.b.a.o.j.JpaBaseConfiguration$JpaWebConfiguration [main] spring.jpa.open-in-view is enabled by default. Therefore, database queries may be performed during view rendering. Explicitly configure spring.jpa.open-in-view to disable this warning
2020-05-14 12:08:30,836 INFO o.s.s.c.ExecutorConfigurationSupport [main] Initializing ExecutorService 'applicationTaskExecutor'
2020-05-14 12:08:31,240 INFO o.a.j.l.DirectJDKLog [main] Starting ProtocolHandler ["http-nio-8080"]
2020-05-14 12:08:31,263 INFO o.s.b.w.e.t.TomcatWebServer [main] Tomcat started on port(s): 8080 (http) with context path ''
2020-05-14 12:08:31,265 INFO o.s.b.StartupInfoLogger [main] Started PaymybuddyApplication in 9.168 seconds (JVM running for 11.033)
