2020-05-14 11:22:01,115 INFO o.s.t.c.s.AbstractContextLoader [main] Could not detect default resource locations for test class [com.paymybuddy.paymybuddy.services.MainServiceITTest]: no resource found for suffixes {-context.xml, Context.groovy}.
2020-05-14 11:22:01,121 INFO o.s.t.c.s.AnnotationConfigContextLoaderUtils [main] Could not detect default configuration classes for test class [com.paymybuddy.paymybuddy.services.MainServiceITTest]: MainServiceITTest does not declare any static, non-private, non-final, nested classes annotated with @Configuration.
2020-05-14 11:22:01,278 INFO o.s.b.t.c.SpringBootTestContextBootstrapper [main] Found @SpringBootConfiguration com.paymybuddy.paymybuddy.PaymybuddyApplication for test class com.paymybuddy.paymybuddy.services.MainServiceITTest
2020-05-14 11:22:01,372 INFO o.s.t.c.s.AbstractTestContextBootstrapper [main] Loaded default TestExecutionListener class names from location [META-INF/spring.factories]: [org.springframework.boot.test.mock.mockito.MockitoTestExecutionListener, org.springframework.boot.test.mock.mockito.ResetMocksTestExecutionListener, org.springframework.boot.test.autoconfigure.restdocs.RestDocsTestExecutionListener, org.springframework.boot.test.autoconfigure.web.client.MockRestServiceServerResetTestExecutionListener, org.springframework.boot.test.autoconfigure.web.servlet.MockMvcPrintOnlyOnFailureTestExecutionListener, org.springframework.boot.test.autoconfigure.web.servlet.WebDriverTestExecutionListener, org.springframework.test.context.web.ServletTestExecutionListener, org.springframework.test.context.support.DirtiesContextBeforeModesTestExecutionListener, org.springframework.test.context.support.DependencyInjectionTestExecutionListener, org.springframework.test.context.support.DirtiesContextTestExecutionListener, org.springframework.test.context.transaction.TransactionalTestExecutionListener, org.springframework.test.context.jdbc.SqlScriptsTestExecutionListener, org.springframework.test.context.event.EventPublishingTestExecutionListener]
2020-05-14 11:22:01,389 INFO o.s.t.c.s.AbstractTestContextBootstrapper [main] Using TestExecutionListeners: [org.springframework.test.context.web.ServletTestExecutionListener@70325d20, org.springframework.test.context.support.DirtiesContextBeforeModesTestExecutionListener@7c2327fa, org.springframework.boot.test.mock.mockito.MockitoTestExecutionListener@4d847d32, org.springframework.boot.test.autoconfigure.SpringBootDependencyInjectionTestExecutionListener@5f462e3b, org.springframework.test.context.support.DirtiesContextTestExecutionListener@3d7fa3ae, org.springframework.test.context.transaction.TransactionalTestExecutionListener@58065f0c, org.springframework.test.context.jdbc.SqlScriptsTestExecutionListener@3605c4d3, org.springframework.test.context.event.EventPublishingTestExecutionListener@585c13de, org.springframework.boot.test.mock.mockito.ResetMocksTestExecutionListener@187eb9a8, org.springframework.boot.test.autoconfigure.restdocs.RestDocsTestExecutionListener@726a6b94, org.springframework.boot.test.autoconfigure.web.client.MockRestServiceServerResetTestExecutionListener@6ad11a56, org.springframework.boot.test.autoconfigure.web.servlet.MockMvcPrintOnlyOnFailureTestExecutionListener@522b2631, org.springframework.boot.test.autoconfigure.web.servlet.WebDriverTestExecutionListener@3ff57625]
2020-05-14 11:22:01,888 INFO o.s.b.StartupInfoLogger [main] Starting MainServiceITTest on PO702946VW7JAV with PID 2196 (started by S061930 in C:\Users\S061930\git\paymybuddy)
2020-05-14 11:22:01,892 INFO o.s.b.SpringApplication [main] The following profiles are active: test
2020-05-14 11:22:01,885 INFO o.h.v.i.u.Version [background-preinit] HV000001: Hibernate Validator 6.0.18.Final
2020-05-14 11:22:03,342 INFO o.s.d.r.c.RepositoryConfigurationDelegate [main] Bootstrapping Spring Data JPA repositories in DEFAULT mode.
2020-05-14 11:22:03,504 INFO o.s.d.r.c.RepositoryConfigurationDelegate [main] Finished Spring Data repository scanning in 149ms. Found 5 JPA repository interfaces.
2020-05-14 11:22:04,401 INFO o.h.j.i.u.LogHelper [main] HHH000204: Processing PersistenceUnitInfo [name: default]
2020-05-14 11:22:04,497 INFO o.h.Version [main] HHH000412: Hibernate ORM core version 5.4.12.Final
2020-05-14 11:22:04,728 INFO o.h.a.c.r.j.JavaReflectionManager [main] HCANN000001: Hibernate Commons Annotations {5.1.0.Final}
2020-05-14 11:22:04,854 INFO c.z.h.HikariDataSource [main] HikariPool-1 - Starting...
2020-05-14 11:22:05,083 INFO c.z.h.HikariDataSource [main] HikariPool-1 - Start completed.
2020-05-14 11:22:05,109 INFO o.h.d.Dialect [main] HHH000400: Using dialect: org.hibernate.dialect.H2Dialect
2020-05-14 11:22:06,407 INFO o.h.t.s.i.e.AbstractScriptSourceInput [main] HHH000476: Executing import script 'file:/C:/Users/S061930/git/paymybuddy/target/test-classes/import.sql'
2020-05-14 11:22:06,437 INFO o.h.e.t.j.p.i.JtaPlatformInitiator [main] HHH000490: Using JtaPlatform implementation: [org.hibernate.engine.transaction.jta.platform.internal.NoJtaPlatform]
2020-05-14 11:22:06,451 INFO o.s.o.j.AbstractEntityManagerFactoryBean [main] Initialized JPA EntityManagerFactory for persistence unit 'default'
2020-05-14 11:22:07,450 WARN o.s.b.a.o.j.JpaBaseConfiguration$JpaWebConfiguration [main] spring.jpa.open-in-view is enabled by default. Therefore, database queries may be performed during view rendering. Explicitly configure spring.jpa.open-in-view to disable this warning
2020-05-14 11:22:07,750 INFO o.s.s.c.ExecutorConfigurationSupport [main] Initializing ExecutorService 'applicationTaskExecutor'
2020-05-14 11:22:08,101 INFO o.s.b.a.h.H2ConsoleAutoConfiguration [main] H2 console available at '/h2-console'. Database available at 'jdbc:h2:mem:mydbtest'
2020-05-14 11:22:08,213 INFO o.s.b.StartupInfoLogger [main] Started MainServiceITTest in 6.853 seconds (JVM running for 9.734)
2020-05-14 11:22:08,244 INFO o.s.t.c.t.TransactionContext [main] Began transaction (1) for test context [DefaultTestContext@aca2a0b testClass = MainServiceITTest, testInstance = com.paymybuddy.paymybuddy.services.MainServiceITTest@79080255, testMethod = faireUnVirementTest@MainServiceITTest, testException = [null], mergedContextConfiguration = [WebMergedContextConfiguration@2cdb53d6 testClass = MainServiceITTest, locations = '{}', classes = '{class com.paymybuddy.paymybuddy.PaymybuddyApplication}', contextInitializerClasses = '[]', activeProfiles = '{test}', propertySourceLocations = '{}', propertySourceProperties = '{org.springframework.boot.test.context.SpringBootTestContextBootstrapper=true}', contextCustomizers = set[org.springframework.boot.test.context.filter.ExcludeFilterContextCustomizer@3174cb09, org.springframework.boot.test.json.DuplicateJsonObjectContextCustomizerFactory$DuplicateJsonObjectContextCustomizer@41beb473, org.springframework.boot.test.mock.mockito.MockitoContextCustomizer@0, org.springframework.boot.test.web.client.TestRestTemplateContextCustomizer@30b34287, org.springframework.boot.test.autoconfigure.properties.PropertyMappingContextCustomizer@0, org.springframework.boot.test.autoconfigure.web.servlet.WebDriverContextCustomizerFactory$Customizer@37d80fe7], resourceBasePath = 'src/main/webapp', contextLoader = 'org.springframework.boot.test.context.SpringBootContextLoader', parent = [null]], attributes = map['org.springframework.test.context.web.ServletTestExecutionListener.activateListener' -> true, 'org.springframework.test.context.web.ServletTestExecutionListener.populatedRequestContextHolder' -> true, 'org.springframework.test.context.web.ServletTestExecutionListener.resetRequestContextHolder' -> true]]; transaction manager [org.springframework.orm.jpa.JpaTransactionManager@2f025e9e]; rollback [true]
2020-05-14 11:22:08,592 INFO c.p.p.D.OperationCompteDaoImpl [main] OperationCompte créée
2020-05-14 11:22:08,599 INFO c.p.p.s.MainServiceImpl [main] REPONSE_COMPTE_DEBITER_DE 1431.25 POUR VIREMENT BANCAIRE
2020-05-14 11:22:08,614 INFO o.s.t.c.t.TransactionContext [main] Rolled back transaction for test: [DefaultTestContext@aca2a0b testClass = MainServiceITTest, testInstance = com.paymybuddy.paymybuddy.services.MainServiceITTest@79080255, testMethod = faireUnVirementTest@MainServiceITTest, testException = [null], mergedContextConfiguration = [WebMergedContextConfiguration@2cdb53d6 testClass = MainServiceITTest, locations = '{}', classes = '{class com.paymybuddy.paymybuddy.PaymybuddyApplication}', contextInitializerClasses = '[]', activeProfiles = '{test}', propertySourceLocations = '{}', propertySourceProperties = '{org.springframework.boot.test.context.SpringBootTestContextBootstrapper=true}', contextCustomizers = set[org.springframework.boot.test.context.filter.ExcludeFilterContextCustomizer@3174cb09, org.springframework.boot.test.json.DuplicateJsonObjectContextCustomizerFactory$DuplicateJsonObjectContextCustomizer@41beb473, org.springframework.boot.test.mock.mockito.MockitoContextCustomizer@0, org.springframework.boot.test.web.client.TestRestTemplateContextCustomizer@30b34287, org.springframework.boot.test.autoconfigure.properties.PropertyMappingContextCustomizer@0, org.springframework.boot.test.autoconfigure.web.servlet.WebDriverContextCustomizerFactory$Customizer@37d80fe7], resourceBasePath = 'src/main/webapp', contextLoader = 'org.springframework.boot.test.context.SpringBootContextLoader', parent = [null]], attributes = map['org.springframework.test.context.web.ServletTestExecutionListener.activateListener' -> true, 'org.springframework.test.context.web.ServletTestExecutionListener.populatedRequestContextHolder' -> true, 'org.springframework.test.context.web.ServletTestExecutionListener.resetRequestContextHolder' -> true]]
2020-05-14 11:22:08,733 INFO c.p.p.s.MainServiceImpl [main] REPONSE_SE_CONNECTER_OK 
2020-05-14 11:22:08,742 INFO o.s.t.c.t.TransactionContext [main] Began transaction (1) for test context [DefaultTestContext@aca2a0b testClass = MainServiceITTest, testInstance = com.paymybuddy.paymybuddy.services.MainServiceITTest@6a9d572, testMethod = verserMontantSurCompteTest@MainServiceITTest, testException = [null], mergedContextConfiguration = [WebMergedContextConfiguration@2cdb53d6 testClass = MainServiceITTest, locations = '{}', classes = '{class com.paymybuddy.paymybuddy.PaymybuddyApplication}', contextInitializerClasses = '[]', activeProfiles = '{test}', propertySourceLocations = '{}', propertySourceProperties = '{org.springframework.boot.test.context.SpringBootTestContextBootstrapper=true}', contextCustomizers = set[org.springframework.boot.test.context.filter.ExcludeFilterContextCustomizer@3174cb09, org.springframework.boot.test.json.DuplicateJsonObjectContextCustomizerFactory$DuplicateJsonObjectContextCustomizer@41beb473, org.springframework.boot.test.mock.mockito.MockitoContextCustomizer@0, org.springframework.boot.test.web.client.TestRestTemplateContextCustomizer@30b34287, org.springframework.boot.test.autoconfigure.properties.PropertyMappingContextCustomizer@0, org.springframework.boot.test.autoconfigure.web.servlet.WebDriverContextCustomizerFactory$Customizer@37d80fe7], resourceBasePath = 'src/main/webapp', contextLoader = 'org.springframework.boot.test.context.SpringBootContextLoader', parent = [null]], attributes = map['org.springframework.test.context.web.ServletTestExecutionListener.activateListener' -> true, 'org.springframework.test.context.web.ServletTestExecutionListener.populatedRequestContextHolder' -> true, 'org.springframework.test.context.web.ServletTestExecutionListener.resetRequestContextHolder' -> true]]; transaction manager [org.springframework.orm.jpa.JpaTransactionManager@2f025e9e]; rollback [true]
2020-05-14 11:22:08,759 INFO c.p.p.D.OperationCompteDaoImpl [main] OperationCompte créée
2020-05-14 11:22:08,759 INFO c.p.p.s.MainServiceImpl [main] REPONSE_COMPTE_CREDITER DE 1731.35
2020-05-14 11:22:08,766 INFO o.s.t.c.t.TransactionContext [main] Rolled back transaction for test: [DefaultTestContext@aca2a0b testClass = MainServiceITTest, testInstance = com.paymybuddy.paymybuddy.services.MainServiceITTest@6a9d572, testMethod = verserMontantSurCompteTest@MainServiceITTest, testException = [null], mergedContextConfiguration = [WebMergedContextConfiguration@2cdb53d6 testClass = MainServiceITTest, locations = '{}', classes = '{class com.paymybuddy.paymybuddy.PaymybuddyApplication}', contextInitializerClasses = '[]', activeProfiles = '{test}', propertySourceLocations = '{}', propertySourceProperties = '{org.springframework.boot.test.context.SpringBootTestContextBootstrapper=true}', contextCustomizers = set[org.springframework.boot.test.context.filter.ExcludeFilterContextCustomizer@3174cb09, org.springframework.boot.test.json.DuplicateJsonObjectContextCustomizerFactory$DuplicateJsonObjectContextCustomizer@41beb473, org.springframework.boot.test.mock.mockito.MockitoContextCustomizer@0, org.springframework.boot.test.web.client.TestRestTemplateContextCustomizer@30b34287, org.springframework.boot.test.autoconfigure.properties.PropertyMappingContextCustomizer@0, org.springframework.boot.test.autoconfigure.web.servlet.WebDriverContextCustomizerFactory$Customizer@37d80fe7], resourceBasePath = 'src/main/webapp', contextLoader = 'org.springframework.boot.test.context.SpringBootContextLoader', parent = [null]], attributes = map['org.springframework.test.context.web.ServletTestExecutionListener.activateListener' -> true, 'org.springframework.test.context.web.ServletTestExecutionListener.populatedRequestContextHolder' -> true, 'org.springframework.test.context.web.ServletTestExecutionListener.resetRequestContextHolder' -> true]]
2020-05-14 11:22:08,772 INFO o.s.t.c.t.TransactionContext [main] Began transaction (1) for test context [DefaultTestContext@aca2a0b testClass = MainServiceITTest, testInstance = com.paymybuddy.paymybuddy.services.MainServiceITTest@723081a2, testMethod = AjouterAmiTest@MainServiceITTest, testException = [null], mergedContextConfiguration = [WebMergedContextConfiguration@2cdb53d6 testClass = MainServiceITTest, locations = '{}', classes = '{class com.paymybuddy.paymybuddy.PaymybuddyApplication}', contextInitializerClasses = '[]', activeProfiles = '{test}', propertySourceLocations = '{}', propertySourceProperties = '{org.springframework.boot.test.context.SpringBootTestContextBootstrapper=true}', contextCustomizers = set[org.springframework.boot.test.context.filter.ExcludeFilterContextCustomizer@3174cb09, org.springframework.boot.test.json.DuplicateJsonObjectContextCustomizerFactory$DuplicateJsonObjectContextCustomizer@41beb473, org.springframework.boot.test.mock.mockito.MockitoContextCustomizer@0, org.springframework.boot.test.web.client.TestRestTemplateContextCustomizer@30b34287, org.springframework.boot.test.autoconfigure.properties.PropertyMappingContextCustomizer@0, org.springframework.boot.test.autoconfigure.web.servlet.WebDriverContextCustomizerFactory$Customizer@37d80fe7], resourceBasePath = 'src/main/webapp', contextLoader = 'org.springframework.boot.test.context.SpringBootContextLoader', parent = [null]], attributes = map['org.springframework.test.context.web.ServletTestExecutionListener.activateListener' -> true, 'org.springframework.test.context.web.ServletTestExecutionListener.populatedRequestContextHolder' -> true, 'org.springframework.test.context.web.ServletTestExecutionListener.resetRequestContextHolder' -> true]]; transaction manager [org.springframework.orm.jpa.JpaTransactionManager@2f025e9e]; rollback [true]
2020-05-14 11:22:08,800 INFO c.p.p.s.MainServiceImpl [main] REPONSE_AJOUTER_UN_AMI_A_SA_LISTE_OK testmathiasdupont.@yahoo.fr
2020-05-14 11:22:08,820 INFO o.s.t.c.t.TransactionContext [main] Rolled back transaction for test: [DefaultTestContext@aca2a0b testClass = MainServiceITTest, testInstance = com.paymybuddy.paymybuddy.services.MainServiceITTest@723081a2, testMethod = AjouterAmiTest@MainServiceITTest, testException = [null], mergedContextConfiguration = [WebMergedContextConfiguration@2cdb53d6 testClass = MainServiceITTest, locations = '{}', classes = '{class com.paymybuddy.paymybuddy.PaymybuddyApplication}', contextInitializerClasses = '[]', activeProfiles = '{test}', propertySourceLocations = '{}', propertySourceProperties = '{org.springframework.boot.test.context.SpringBootTestContextBootstrapper=true}', contextCustomizers = set[org.springframework.boot.test.context.filter.ExcludeFilterContextCustomizer@3174cb09, org.springframework.boot.test.json.DuplicateJsonObjectContextCustomizerFactory$DuplicateJsonObjectContextCustomizer@41beb473, org.springframework.boot.test.mock.mockito.MockitoContextCustomizer@0, org.springframework.boot.test.web.client.TestRestTemplateContextCustomizer@30b34287, org.springframework.boot.test.autoconfigure.properties.PropertyMappingContextCustomizer@0, org.springframework.boot.test.autoconfigure.web.servlet.WebDriverContextCustomizerFactory$Customizer@37d80fe7], resourceBasePath = 'src/main/webapp', contextLoader = 'org.springframework.boot.test.context.SpringBootContextLoader', parent = [null]], attributes = map['org.springframework.test.context.web.ServletTestExecutionListener.activateListener' -> true, 'org.springframework.test.context.web.ServletTestExecutionListener.populatedRequestContextHolder' -> true, 'org.springframework.test.context.web.ServletTestExecutionListener.resetRequestContextHolder' -> true]]
2020-05-14 11:22:08,828 INFO o.s.t.c.t.TransactionContext [main] Began transaction (1) for test context [DefaultTestContext@aca2a0b testClass = MainServiceITTest, testInstance = com.paymybuddy.paymybuddy.services.MainServiceITTest@1002c49e, testMethod = enregistrerPersonneTest@MainServiceITTest, testException = [null], mergedContextConfiguration = [WebMergedContextConfiguration@2cdb53d6 testClass = MainServiceITTest, locations = '{}', classes = '{class com.paymybuddy.paymybuddy.PaymybuddyApplication}', contextInitializerClasses = '[]', activeProfiles = '{test}', propertySourceLocations = '{}', propertySourceProperties = '{org.springframework.boot.test.context.SpringBootTestContextBootstrapper=true}', contextCustomizers = set[org.springframework.boot.test.context.filter.ExcludeFilterContextCustomizer@3174cb09, org.springframework.boot.test.json.DuplicateJsonObjectContextCustomizerFactory$DuplicateJsonObjectContextCustomizer@41beb473, org.springframework.boot.test.mock.mockito.MockitoContextCustomizer@0, org.springframework.boot.test.web.client.TestRestTemplateContextCustomizer@30b34287, org.springframework.boot.test.autoconfigure.properties.PropertyMappingContextCustomizer@0, org.springframework.boot.test.autoconfigure.web.servlet.WebDriverContextCustomizerFactory$Customizer@37d80fe7], resourceBasePath = 'src/main/webapp', contextLoader = 'org.springframework.boot.test.context.SpringBootContextLoader', parent = [null]], attributes = map['org.springframework.test.context.web.ServletTestExecutionListener.activateListener' -> true, 'org.springframework.test.context.web.ServletTestExecutionListener.populatedRequestContextHolder' -> true, 'org.springframework.test.context.web.ServletTestExecutionListener.resetRequestContextHolder' -> true]]; transaction manager [org.springframework.orm.jpa.JpaTransactionManager@2f025e9e]; rollback [true]
2020-05-14 11:22:08,832 INFO c.p.p.D.PersonneDaoImpl [main] email non trouve
javax.persistence.NoResultException: No entity found for query
	at org.hibernate.query.internal.AbstractProducedQuery.getSingleResult(AbstractProducedQuery.java:1580) ~[hibernate-core-5.4.12.Final.jar:5.4.12.Final]
	at com.paymybuddy.paymybuddy.Dao.PersonneDaoImpl.findByEmail(PersonneDaoImpl.java:39) ~[classes/:?]
	at com.paymybuddy.paymybuddy.Dao.PersonneDaoImpl$$FastClassBySpringCGLIB$$8b37621d.invoke(<generated>) ~[classes/:?]
	at org.springframework.cglib.proxy.MethodProxy.invoke(MethodProxy.java:218) ~[spring-core-5.2.4.RELEASE.jar:5.2.4.RELEASE]
	at org.springframework.aop.framework.CglibAopProxy$CglibMethodInvocation.invokeJoinpoint(CglibAopProxy.java:769) ~[spring-aop-5.2.4.RELEASE.jar:5.2.4.RELEASE]
	at org.springframework.aop.framework.ReflectiveMethodInvocation.proceed(ReflectiveMethodInvocation.java:163) ~[spring-aop-5.2.4.RELEASE.jar:5.2.4.RELEASE]
	at org.springframework.aop.framework.CglibAopProxy$CglibMethodInvocation.proceed(CglibAopProxy.java:747) ~[spring-aop-5.2.4.RELEASE.jar:5.2.4.RELEASE]
	at org.springframework.dao.support.PersistenceExceptionTranslationInterceptor.invoke(PersistenceExceptionTranslationInterceptor.java:139) ~[spring-tx-5.2.4.RELEASE.jar:5.2.4.RELEASE]
	at org.springframework.aop.framework.ReflectiveMethodInvocation.proceed(ReflectiveMethodInvocation.java:186) ~[spring-aop-5.2.4.RELEASE.jar:5.2.4.RELEASE]
	at org.springframework.aop.framework.CglibAopProxy$CglibMethodInvocation.proceed(CglibAopProxy.java:747) ~[spring-aop-5.2.4.RELEASE.jar:5.2.4.RELEASE]
	at org.springframework.aop.framework.CglibAopProxy$DynamicAdvisedInterceptor.intercept(CglibAopProxy.java:689) ~[spring-aop-5.2.4.RELEASE.jar:5.2.4.RELEASE]
	at com.paymybuddy.paymybuddy.Dao.PersonneDaoImpl$$EnhancerBySpringCGLIB$$90f03f9c.findByEmail(<generated>) ~[classes/:?]
	at com.paymybuddy.paymybuddy.services.MainServiceImpl.enregistrerPersonne(MainServiceImpl.java:90) ~[classes/:?]
	at com.paymybuddy.paymybuddy.services.MainServiceImpl$$FastClassBySpringCGLIB$$c36ff3d9.invoke(<generated>) ~[classes/:?]
	at org.springframework.cglib.proxy.MethodProxy.invoke(MethodProxy.java:218) ~[spring-core-5.2.4.RELEASE.jar:5.2.4.RELEASE]
	at org.springframework.aop.framework.CglibAopProxy$CglibMethodInvocation.invokeJoinpoint(CglibAopProxy.java:769) ~[spring-aop-5.2.4.RELEASE.jar:5.2.4.RELEASE]
	at org.springframework.aop.framework.ReflectiveMethodInvocation.proceed(ReflectiveMethodInvocation.java:163) ~[spring-aop-5.2.4.RELEASE.jar:5.2.4.RELEASE]
	at org.springframework.aop.framework.CglibAopProxy$CglibMethodInvocation.proceed(CglibAopProxy.java:747) ~[spring-aop-5.2.4.RELEASE.jar:5.2.4.RELEASE]
	at org.springframework.transaction.interceptor.TransactionAspectSupport.invokeWithinTransaction(TransactionAspectSupport.java:366) ~[spring-tx-5.2.4.RELEASE.jar:5.2.4.RELEASE]
	at org.springframework.transaction.interceptor.TransactionInterceptor.invoke(TransactionInterceptor.java:99) ~[spring-tx-5.2.4.RELEASE.jar:5.2.4.RELEASE]
	at org.springframework.aop.framework.ReflectiveMethodInvocation.proceed(ReflectiveMethodInvocation.java:186) ~[spring-aop-5.2.4.RELEASE.jar:5.2.4.RELEASE]
	at org.springframework.aop.framework.CglibAopProxy$CglibMethodInvocation.proceed(CglibAopProxy.java:747) ~[spring-aop-5.2.4.RELEASE.jar:5.2.4.RELEASE]
	at org.springframework.aop.framework.CglibAopProxy$DynamicAdvisedInterceptor.intercept(CglibAopProxy.java:689) ~[spring-aop-5.2.4.RELEASE.jar:5.2.4.RELEASE]
	at com.paymybuddy.paymybuddy.services.MainServiceImpl$$EnhancerBySpringCGLIB$$bac8bd01.enregistrerPersonne(<generated>) ~[classes/:?]
	at com.paymybuddy.paymybuddy.services.MainServiceITTest.enregistrerPersonneTest(MainServiceITTest.java:57) ~[test-classes/:?]
	at jdk.internal.reflect.NativeMethodAccessorImpl.invoke0(Native Method) ~[?:?]
	at jdk.internal.reflect.NativeMethodAccessorImpl.invoke(NativeMethodAccessorImpl.java:62) ~[?:?]
	at jdk.internal.reflect.DelegatingMethodAccessorImpl.invoke(DelegatingMethodAccessorImpl.java:43) ~[?:?]
	at java.lang.reflect.Method.invoke(Method.java:566) ~[?:?]
	at org.junit.platform.commons.util.ReflectionUtils.invokeMethod(ReflectionUtils.java:675) ~[org.junit.platform.commons_1.5.1.v20190826-0900.jar:1.5.1]
	at org.junit.jupiter.engine.execution.MethodInvocation.proceed(MethodInvocation.java:60) ~[org.junit.jupiter.engine_5.5.1.v20190826-0900.jar:5.5.1]
	at org.junit.jupiter.engine.execution.InvocationInterceptorChain$ValidatingInvocation.proceed(InvocationInterceptorChain.java:125) ~[org.junit.jupiter.engine_5.5.1.v20190826-0900.jar:5.5.1]
	at org.junit.jupiter.engine.extension.TimeoutExtension.intercept(TimeoutExtension.java:132) ~[org.junit.jupiter.engine_5.5.1.v20190826-0900.jar:5.5.1]
	at org.junit.jupiter.engine.extension.TimeoutExtension.interceptTestableMethod(TimeoutExtension.java:124) ~[org.junit.jupiter.engine_5.5.1.v20190826-0900.jar:5.5.1]
	at org.junit.jupiter.engine.extension.TimeoutExtension.interceptTestMethod(TimeoutExtension.java:74) ~[org.junit.jupiter.engine_5.5.1.v20190826-0900.jar:5.5.1]
	at org.junit.jupiter.engine.execution.ExecutableInvoker$ReflectiveInterceptorCall.lambda$ofVoidMethod$0(ExecutableInvoker.java:115) ~[org.junit.jupiter.engine_5.5.1.v20190826-0900.jar:5.5.1]
	at org.junit.jupiter.engine.execution.ExecutableInvoker.lambda$invoke$0(ExecutableInvoker.java:105) ~[org.junit.jupiter.engine_5.5.1.v20190826-0900.jar:5.5.1]
	at org.junit.jupiter.engine.execution.InvocationInterceptorChain$InterceptedInvocation.proceed(InvocationInterceptorChain.java:104) ~[org.junit.jupiter.engine_5.5.1.v20190826-0900.jar:5.5.1]
	at org.junit.jupiter.engine.execution.InvocationInterceptorChain.proceed(InvocationInterceptorChain.java:62) ~[org.junit.jupiter.engine_5.5.1.v20190826-0900.jar:5.5.1]
	at org.junit.jupiter.engine.execution.InvocationInterceptorChain.chainAndInvoke(InvocationInterceptorChain.java:43) ~[org.junit.jupiter.engine_5.5.1.v20190826-0900.jar:5.5.1]
	at org.junit.jupiter.engine.execution.InvocationInterceptorChain.invoke(InvocationInterceptorChain.java:35) ~[org.junit.jupiter.engine_5.5.1.v20190826-0900.jar:5.5.1]
	at org.junit.jupiter.engine.execution.ExecutableInvoker.invoke(ExecutableInvoker.java:104) ~[org.junit.jupiter.engine_5.5.1.v20190826-0900.jar:5.5.1]
	at org.junit.jupiter.engine.execution.ExecutableInvoker.invoke(ExecutableInvoker.java:98) ~[org.junit.jupiter.engine_5.5.1.v20190826-0900.jar:5.5.1]
	at org.junit.jupiter.engine.descriptor.TestMethodTestDescriptor.lambda$invokeTestMethod$6(TestMethodTestDescriptor.java:202) ~[org.junit.jupiter.engine_5.5.1.v20190826-0900.jar:5.5.1]
	at org.junit.platform.engine.support.hierarchical.ThrowableCollector.execute(ThrowableCollector.java:73) ~[org.junit.platform.engine_1.5.1.v20190826-0900.jar:1.5.1]
	at org.junit.jupiter.engine.descriptor.TestMethodTestDescriptor.invokeTestMethod(TestMethodTestDescriptor.java:198) ~[org.junit.jupiter.engine_5.5.1.v20190826-0900.jar:5.5.1]
	at org.junit.jupiter.engine.descriptor.TestMethodTestDescriptor.execute(TestMethodTestDescriptor.java:135) ~[org.junit.jupiter.engine_5.5.1.v20190826-0900.jar:5.5.1]
	at org.junit.jupiter.engine.descriptor.TestMethodTestDescriptor.execute(TestMethodTestDescriptor.java:69) ~[org.junit.jupiter.engine_5.5.1.v20190826-0900.jar:5.5.1]
	at org.junit.platform.engine.support.hierarchical.NodeTestTask.lambda$executeRecursively$5(NodeTestTask.java:135) ~[org.junit.platform.engine_1.5.1.v20190826-0900.jar:1.5.1]
	at org.junit.platform.engine.support.hierarchical.ThrowableCollector.execute(ThrowableCollector.java:73) ~[org.junit.platform.engine_1.5.1.v20190826-0900.jar:1.5.1]
	at org.junit.platform.engine.support.hierarchical.NodeTestTask.lambda$executeRecursively$7(NodeTestTask.java:125) ~[org.junit.platform.engine_1.5.1.v20190826-0900.jar:1.5.1]
	at org.junit.platform.engine.support.hierarchical.Node.around(Node.java:135) ~[org.junit.platform.engine_1.5.1.v20190826-0900.jar:1.5.1]
	at org.junit.platform.engine.support.hierarchical.NodeTestTask.lambda$executeRecursively$8(NodeTestTask.java:123) ~[org.junit.platform.engine_1.5.1.v20190826-0900.jar:1.5.1]
	at org.junit.platform.engine.support.hierarchical.ThrowableCollector.execute(ThrowableCollector.java:73) ~[org.junit.platform.engine_1.5.1.v20190826-0900.jar:1.5.1]
	at org.junit.platform.engine.support.hierarchical.NodeTestTask.executeRecursively(NodeTestTask.java:122) ~[org.junit.platform.engine_1.5.1.v20190826-0900.jar:1.5.1]
	at org.junit.platform.engine.support.hierarchical.NodeTestTask.execute(NodeTestTask.java:80) ~[org.junit.platform.engine_1.5.1.v20190826-0900.jar:1.5.1]
	at java.util.ArrayList.forEach(ArrayList.java:1540) ~[?:?]
	at org.junit.platform.engine.support.hierarchical.SameThreadHierarchicalTestExecutorService.invokeAll(SameThreadHierarchicalTestExecutorService.java:38) ~[org.junit.platform.engine_1.5.1.v20190826-0900.jar:1.5.1]
	at org.junit.platform.engine.support.hierarchical.NodeTestTask.lambda$executeRecursively$5(NodeTestTask.java:139) ~[org.junit.platform.engine_1.5.1.v20190826-0900.jar:1.5.1]
	at org.junit.platform.engine.support.hierarchical.ThrowableCollector.execute(ThrowableCollector.java:73) ~[org.junit.platform.engine_1.5.1.v20190826-0900.jar:1.5.1]
	at org.junit.platform.engine.support.hierarchical.NodeTestTask.lambda$executeRecursively$7(NodeTestTask.java:125) ~[org.junit.platform.engine_1.5.1.v20190826-0900.jar:1.5.1]
	at org.junit.platform.engine.support.hierarchical.Node.around(Node.java:135) ~[org.junit.platform.engine_1.5.1.v20190826-0900.jar:1.5.1]
	at org.junit.platform.engine.support.hierarchical.NodeTestTask.lambda$executeRecursively$8(NodeTestTask.java:123) ~[org.junit.platform.engine_1.5.1.v20190826-0900.jar:1.5.1]
	at org.junit.platform.engine.support.hierarchical.ThrowableCollector.execute(ThrowableCollector.java:73) ~[org.junit.platform.engine_1.5.1.v20190826-0900.jar:1.5.1]
	at org.junit.platform.engine.support.hierarchical.NodeTestTask.executeRecursively(NodeTestTask.java:122) ~[org.junit.platform.engine_1.5.1.v20190826-0900.jar:1.5.1]
	at org.junit.platform.engine.support.hierarchical.NodeTestTask.execute(NodeTestTask.java:80) ~[org.junit.platform.engine_1.5.1.v20190826-0900.jar:1.5.1]
	at java.util.ArrayList.forEach(ArrayList.java:1540) ~[?:?]
	at org.junit.platform.engine.support.hierarchical.SameThreadHierarchicalTestExecutorService.invokeAll(SameThreadHierarchicalTestExecutorService.java:38) ~[org.junit.platform.engine_1.5.1.v20190826-0900.jar:1.5.1]
	at org.junit.platform.engine.support.hierarchical.NodeTestTask.lambda$executeRecursively$5(NodeTestTask.java:139) ~[org.junit.platform.engine_1.5.1.v20190826-0900.jar:1.5.1]
	at org.junit.platform.engine.support.hierarchical.ThrowableCollector.execute(ThrowableCollector.java:73) ~[org.junit.platform.engine_1.5.1.v20190826-0900.jar:1.5.1]
	at org.junit.platform.engine.support.hierarchical.NodeTestTask.lambda$executeRecursively$7(NodeTestTask.java:125) ~[org.junit.platform.engine_1.5.1.v20190826-0900.jar:1.5.1]
	at org.junit.platform.engine.support.hierarchical.Node.around(Node.java:135) ~[org.junit.platform.engine_1.5.1.v20190826-0900.jar:1.5.1]
	at org.junit.platform.engine.support.hierarchical.NodeTestTask.lambda$executeRecursively$8(NodeTestTask.java:123) ~[org.junit.platform.engine_1.5.1.v20190826-0900.jar:1.5.1]
	at org.junit.platform.engine.support.hierarchical.ThrowableCollector.execute(ThrowableCollector.java:73) ~[org.junit.platform.engine_1.5.1.v20190826-0900.jar:1.5.1]
	at org.junit.platform.engine.support.hierarchical.NodeTestTask.executeRecursively(NodeTestTask.java:122) ~[org.junit.platform.engine_1.5.1.v20190826-0900.jar:1.5.1]
	at org.junit.platform.engine.support.hierarchical.NodeTestTask.execute(NodeTestTask.java:80) ~[org.junit.platform.engine_1.5.1.v20190826-0900.jar:1.5.1]
	at org.junit.platform.engine.support.hierarchical.SameThreadHierarchicalTestExecutorService.submit(SameThreadHierarchicalTestExecutorService.java:32) ~[org.junit.platform.engine_1.5.1.v20190826-0900.jar:1.5.1]
	at org.junit.platform.engine.support.hierarchical.HierarchicalTestExecutor.execute(HierarchicalTestExecutor.java:57) ~[org.junit.platform.engine_1.5.1.v20190826-0900.jar:1.5.1]
	at org.junit.platform.engine.support.hierarchical.HierarchicalTestEngine.execute(HierarchicalTestEngine.java:51) ~[org.junit.platform.engine_1.5.1.v20190826-0900.jar:1.5.1]
	at org.junit.platform.launcher.core.DefaultLauncher.execute(DefaultLauncher.java:229) ~[org.junit.platform.launcher_1.5.1.v20190826-0900.jar:1.5.1]
	at org.junit.platform.launcher.core.DefaultLauncher.lambda$execute$6(DefaultLauncher.java:197) ~[org.junit.platform.launcher_1.5.1.v20190826-0900.jar:1.5.1]
	at org.junit.platform.launcher.core.DefaultLauncher.withInterceptedStreams(DefaultLauncher.java:211) [org.junit.platform.launcher_1.5.1.v20190826-0900.jar:1.5.1]
	at org.junit.platform.launcher.core.DefaultLauncher.execute(DefaultLauncher.java:191) [org.junit.platform.launcher_1.5.1.v20190826-0900.jar:1.5.1]
	at org.junit.platform.launcher.core.DefaultLauncher.execute(DefaultLauncher.java:137) [org.junit.platform.launcher_1.5.1.v20190826-0900.jar:1.5.1]
	at org.eclipse.jdt.internal.junit5.runner.JUnit5TestReference.run(JUnit5TestReference.java:89) [.cp/:?]
	at org.eclipse.jdt.internal.junit.runner.TestExecution.run(TestExecution.java:41) [.cp/:?]
	at org.eclipse.jdt.internal.junit.runner.RemoteTestRunner.runTests(RemoteTestRunner.java:542) [.cp/:?]
	at org.eclipse.jdt.internal.junit.runner.RemoteTestRunner.runTests(RemoteTestRunner.java:770) [.cp/:?]
	at org.eclipse.jdt.internal.junit.runner.RemoteTestRunner.run(RemoteTestRunner.java:464) [.cp/:?]
	at org.eclipse.jdt.internal.junit.runner.RemoteTestRunner.main(RemoteTestRunner.java:210) [.cp/:?]
2020-05-14 11:22:08,955 INFO c.p.p.D.PersonneDaoImpl [main] Personne crééecreationemail@gmail.com
2020-05-14 11:22:08,959 INFO c.p.p.D.CompteDaoImpl [main] Compte crée
2020-05-14 11:22:08,959 INFO c.p.p.s.MainServiceImpl [main] REPONSE_ENREGISTRER_PERSONNE_CREEE creationemail@gmail.comIdPersonne : 6
2020-05-14 11:22:08,966 INFO c.p.p.s.MainServiceImpl [main] REPONSE_ENREGISTRER_COMPTE_CREE 
2020-05-14 11:22:09,134 INFO o.s.t.c.t.TransactionContext [main] Rolled back transaction for test: [DefaultTestContext@aca2a0b testClass = MainServiceITTest, testInstance = com.paymybuddy.paymybuddy.services.MainServiceITTest@1002c49e, testMethod = enregistrerPersonneTest@MainServiceITTest, testException = [null], mergedContextConfiguration = [WebMergedContextConfiguration@2cdb53d6 testClass = MainServiceITTest, locations = '{}', classes = '{class com.paymybuddy.paymybuddy.PaymybuddyApplication}', contextInitializerClasses = '[]', activeProfiles = '{test}', propertySourceLocations = '{}', propertySourceProperties = '{org.springframework.boot.test.context.SpringBootTestContextBootstrapper=true}', contextCustomizers = set[org.springframework.boot.test.context.filter.ExcludeFilterContextCustomizer@3174cb09, org.springframework.boot.test.json.DuplicateJsonObjectContextCustomizerFactory$DuplicateJsonObjectContextCustomizer@41beb473, org.springframework.boot.test.mock.mockito.MockitoContextCustomizer@0, org.springframework.boot.test.web.client.TestRestTemplateContextCustomizer@30b34287, org.springframework.boot.test.autoconfigure.properties.PropertyMappingContextCustomizer@0, org.springframework.boot.test.autoconfigure.web.servlet.WebDriverContextCustomizerFactory$Customizer@37d80fe7], resourceBasePath = 'src/main/webapp', contextLoader = 'org.springframework.boot.test.context.SpringBootContextLoader', parent = [null]], attributes = map['org.springframework.test.context.web.ServletTestExecutionListener.activateListener' -> true, 'org.springframework.test.context.web.ServletTestExecutionListener.populatedRequestContextHolder' -> true, 'org.springframework.test.context.web.ServletTestExecutionListener.resetRequestContextHolder' -> true]]
2020-05-14 11:22:09,141 INFO o.s.t.c.t.TransactionContext [main] Began transaction (1) for test context [DefaultTestContext@aca2a0b testClass = MainServiceITTest, testInstance = com.paymybuddy.paymybuddy.services.MainServiceITTest@401b7226, testMethod = payerUnAmiTest@MainServiceITTest, testException = [null], mergedContextConfiguration = [WebMergedContextConfiguration@2cdb53d6 testClass = MainServiceITTest, locations = '{}', classes = '{class com.paymybuddy.paymybuddy.PaymybuddyApplication}', contextInitializerClasses = '[]', activeProfiles = '{test}', propertySourceLocations = '{}', propertySourceProperties = '{org.springframework.boot.test.context.SpringBootTestContextBootstrapper=true}', contextCustomizers = set[org.springframework.boot.test.context.filter.ExcludeFilterContextCustomizer@3174cb09, org.springframework.boot.test.json.DuplicateJsonObjectContextCustomizerFactory$DuplicateJsonObjectContextCustomizer@41beb473, org.springframework.boot.test.mock.mockito.MockitoContextCustomizer@0, org.springframework.boot.test.web.client.TestRestTemplateContextCustomizer@30b34287, org.springframework.boot.test.autoconfigure.properties.PropertyMappingContextCustomizer@0, org.springframework.boot.test.autoconfigure.web.servlet.WebDriverContextCustomizerFactory$Customizer@37d80fe7], resourceBasePath = 'src/main/webapp', contextLoader = 'org.springframework.boot.test.context.SpringBootContextLoader', parent = [null]], attributes = map['org.springframework.test.context.web.ServletTestExecutionListener.activateListener' -> true, 'org.springframework.test.context.web.ServletTestExecutionListener.populatedRequestContextHolder' -> true, 'org.springframework.test.context.web.ServletTestExecutionListener.resetRequestContextHolder' -> true]]; transaction manager [org.springframework.orm.jpa.JpaTransactionManager@2f025e9e]; rollback [true]
2020-05-14 11:22:09,161 INFO c.p.p.s.MainServiceImpl [main] COMPTE_A_DEBITER 2SOLDE 1531.25
2020-05-14 11:22:09,161 INFO c.p.p.s.MainServiceImpl [main] MONTANT_COMMISSION 0.06
2020-05-14 11:22:09,162 INFO c.p.p.s.MainServiceImpl [main] MONTANT_TOTAL_DEBIT12.06
2020-05-14 11:22:09,162 INFO c.p.p.s.MainServiceImpl [main] COMPTE_A_CREDITER2NOUVEAU_SOLDE_SI_PAIEMENT 1519.19
2020-05-14 11:22:09,165 INFO c.p.p.D.OperationCompteDaoImpl [main] OperationCompte créée
2020-05-14 11:22:09,182 INFO c.p.p.D.CommissionDaoImpl [main] Commission créée
2020-05-14 11:22:09,191 INFO c.p.p.D.OperationCompteDaoImpl [main] OperationCompte créée
2020-05-14 11:22:09,194 INFO c.p.p.s.MainServiceImpl [main] REPONSE_COMPTE testcorinne93.@gmail.comDEBITER DE 12.0
2020-05-14 11:22:09,194 INFO c.p.p.s.MainServiceImpl [main] REPONSE_COMPTE testtitidavant.@gmail.comCREDITER DE 12.0
2020-05-14 11:22:09,203 INFO o.s.t.c.t.TransactionContext [main] Rolled back transaction for test: [DefaultTestContext@aca2a0b testClass = MainServiceITTest, testInstance = com.paymybuddy.paymybuddy.services.MainServiceITTest@401b7226, testMethod = payerUnAmiTest@MainServiceITTest, testException = org.opentest4j.AssertionFailedError: expected: <true> but was: <false>, mergedContextConfiguration = [WebMergedContextConfiguration@2cdb53d6 testClass = MainServiceITTest, locations = '{}', classes = '{class com.paymybuddy.paymybuddy.PaymybuddyApplication}', contextInitializerClasses = '[]', activeProfiles = '{test}', propertySourceLocations = '{}', propertySourceProperties = '{org.springframework.boot.test.context.SpringBootTestContextBootstrapper=true}', contextCustomizers = set[org.springframework.boot.test.context.filter.ExcludeFilterContextCustomizer@3174cb09, org.springframework.boot.test.json.DuplicateJsonObjectContextCustomizerFactory$DuplicateJsonObjectContextCustomizer@41beb473, org.springframework.boot.test.mock.mockito.MockitoContextCustomizer@0, org.springframework.boot.test.web.client.TestRestTemplateContextCustomizer@30b34287, org.springframework.boot.test.autoconfigure.properties.PropertyMappingContextCustomizer@0, org.springframework.boot.test.autoconfigure.web.servlet.WebDriverContextCustomizerFactory$Customizer@37d80fe7], resourceBasePath = 'src/main/webapp', contextLoader = 'org.springframework.boot.test.context.SpringBootContextLoader', parent = [null]], attributes = map['org.springframework.test.context.web.ServletTestExecutionListener.activateListener' -> true, 'org.springframework.test.context.web.ServletTestExecutionListener.populatedRequestContextHolder' -> true, 'org.springframework.test.context.web.ServletTestExecutionListener.resetRequestContextHolder' -> true]]
2020-05-14 11:22:09,797 INFO o.s.s.c.ExecutorConfigurationSupport [SpringContextShutdownHook] Shutting down ExecutorService 'applicationTaskExecutor'
2020-05-14 11:22:09,825 INFO o.s.o.j.AbstractEntityManagerFactoryBean [SpringContextShutdownHook] Closing JPA EntityManagerFactory for persistence unit 'default'
2020-05-14 11:22:09,832 INFO c.z.h.HikariDataSource [SpringContextShutdownHook] HikariPool-1 - Shutdown initiated...
2020-05-14 11:22:09,877 INFO c.z.h.HikariDataSource [SpringContextShutdownHook] HikariPool-1 - Shutdown completed.
