2020-05-14 14:10:57,852 INFO o.h.v.i.u.Version [background-preinit] HV000001: Hibernate Validator 6.0.18.Final
2020-05-14 14:10:57,882 INFO o.s.b.StartupInfoLogger [main] Starting PaymybuddyApplication on PO702946VW7JAV with PID 8792 (C:\Users\S061930\git\paymybuddy\target\classes started by S061930 in C:\Users\S061930\git\paymybuddy)
2020-05-14 14:10:57,938 INFO o.s.b.SpringApplication [main] No active profile set, falling back to default profiles: default
2020-05-14 14:10:59,078 INFO o.s.d.r.c.RepositoryConfigurationDelegate [main] Bootstrapping Spring Data JPA repositories in DEFAULT mode.
2020-05-14 14:10:59,243 INFO o.s.d.r.c.RepositoryConfigurationDelegate [main] Finished Spring Data repository scanning in 198ms. Found 5 JPA repository interfaces.
2020-05-14 14:10:59,581 INFO c.u.j.c.EnableEncryptablePropertiesBeanFactoryPostProcessor [main] Post-processing PropertySource instances
2020-05-14 14:10:59,687 INFO c.u.j.EncryptablePropertySourceConverter [main] Converting PropertySource configurationProperties [org.springframework.boot.context.properties.source.ConfigurationPropertySourcesPropertySource] to AOP Proxy
2020-05-14 14:10:59,688 INFO c.u.j.EncryptablePropertySourceConverter [main] Converting PropertySource servletConfigInitParams [org.springframework.core.env.PropertySource$StubPropertySource] to EncryptablePropertySourceWrapper
2020-05-14 14:10:59,688 INFO c.u.j.EncryptablePropertySourceConverter [main] Converting PropertySource servletContextInitParams [org.springframework.core.env.PropertySource$StubPropertySource] to EncryptablePropertySourceWrapper
2020-05-14 14:10:59,689 INFO c.u.j.EncryptablePropertySourceConverter [main] Converting PropertySource systemProperties [org.springframework.core.env.PropertiesPropertySource] to EncryptableMapPropertySourceWrapper
2020-05-14 14:10:59,691 INFO c.u.j.EncryptablePropertySourceConverter [main] Converting PropertySource systemEnvironment [org.springframework.boot.env.SystemEnvironmentPropertySourceEnvironmentPostProcessor$OriginAwareSystemEnvironmentPropertySource] to EncryptableSystemEnvironmentPropertySourceWrapper
2020-05-14 14:10:59,691 INFO c.u.j.EncryptablePropertySourceConverter [main] Converting PropertySource random [org.springframework.boot.env.RandomValuePropertySource] to EncryptablePropertySourceWrapper
2020-05-14 14:10:59,691 INFO c.u.j.EncryptablePropertySourceConverter [main] Converting PropertySource applicationConfig: [classpath:/application.properties] [org.springframework.boot.env.OriginTrackedMapPropertySource] to EncryptableMapPropertySourceWrapper
2020-05-14 14:10:59,747 INFO c.u.j.f.DefaultLazyPropertyFilter [main] Property Filter custom Bean not found with name 'encryptablePropertyFilter'. Initializing Default Property Filter
2020-05-14 14:10:59,920 INFO c.u.j.r.DefaultLazyPropertyResolver [main] Property Resolver custom Bean not found with name 'encryptablePropertyResolver'. Initializing Default Property Resolver
2020-05-14 14:10:59,924 INFO c.u.j.d.DefaultLazyPropertyDetector [main] Property Detector custom Bean not found with name 'encryptablePropertyDetector'. Initializing Default Property Detector
2020-05-14 14:11:00,253 INFO o.s.b.w.e.t.TomcatWebServer [main] Tomcat initialized with port(s): 8080 (http)
2020-05-14 14:11:00,264 INFO o.a.j.l.DirectJDKLog [main] Initializing ProtocolHandler ["http-nio-8080"]
2020-05-14 14:11:00,265 INFO o.a.j.l.DirectJDKLog [main] Starting service [Tomcat]
2020-05-14 14:11:00,266 INFO o.a.j.l.DirectJDKLog [main] Starting Servlet engine: [Apache Tomcat/9.0.31]
2020-05-14 14:11:00,428 INFO o.a.j.l.DirectJDKLog [main] Initializing Spring embedded WebApplicationContext
2020-05-14 14:11:00,428 INFO o.s.b.w.s.c.ServletWebServerApplicationContext [main] Root WebApplicationContext: initialization completed in 2401 ms
2020-05-14 14:11:00,612 INFO o.h.j.i.u.LogHelper [main] HHH000204: Processing PersistenceUnitInfo [name: default]
2020-05-14 14:11:00,683 INFO o.h.Version [main] HHH000412: Hibernate ORM core version 5.4.12.Final
2020-05-14 14:11:00,831 INFO o.h.a.c.r.j.JavaReflectionManager [main] HCANN000001: Hibernate Commons Annotations {5.1.0.Final}
2020-05-14 14:11:00,926 INFO c.z.h.HikariDataSource [main] HikariPool-1 - Starting...
2020-05-14 14:11:01,609 INFO c.z.h.HikariDataSource [main] HikariPool-1 - Start completed.
2020-05-14 14:11:01,657 INFO o.h.d.Dialect [main] HHH000400: Using dialect: org.hibernate.dialect.MySQL5Dialect
2020-05-14 14:11:03,708 INFO o.h.t.s.i.e.AbstractScriptSourceInput [main] HHH000476: Executing import script 'file:/C:/Users/S061930/git/paymybuddy/target/classes/import.sql'
2020-05-14 14:11:04,310 INFO o.h.e.t.j.p.i.JtaPlatformInitiator [main] HHH000490: Using JtaPlatform implementation: [org.hibernate.engine.transaction.jta.platform.internal.NoJtaPlatform]
2020-05-14 14:11:04,319 INFO o.s.o.j.AbstractEntityManagerFactoryBean [main] Initialized JPA EntityManagerFactory for persistence unit 'default'
2020-05-14 14:11:04,995 WARN o.s.b.a.o.j.JpaBaseConfiguration$JpaWebConfiguration [main] spring.jpa.open-in-view is enabled by default. Therefore, database queries may be performed during view rendering. Explicitly configure spring.jpa.open-in-view to disable this warning
2020-05-14 14:11:05,193 INFO o.s.s.c.ExecutorConfigurationSupport [main] Initializing ExecutorService 'applicationTaskExecutor'
2020-05-14 14:11:05,505 INFO o.a.j.l.DirectJDKLog [main] Starting ProtocolHandler ["http-nio-8080"]
2020-05-14 14:11:05,579 INFO o.s.b.w.e.t.TomcatWebServer [main] Tomcat started on port(s): 8080 (http) with context path ''
2020-05-14 14:11:05,582 INFO o.s.b.StartupInfoLogger [main] Started PaymybuddyApplication in 10.051 seconds (JVM running for 11.857)
