2020-05-14 11:25:53,324 INFO o.s.t.c.s.AbstractContextLoader [main] Could not detect default resource locations for test class [com.paymybuddy.paymybuddy.services.MainServiceTest]: no resource found for suffixes {-context.xml, Context.groovy}.
2020-05-14 11:25:53,330 INFO o.s.t.c.s.AnnotationConfigContextLoaderUtils [main] Could not detect default configuration classes for test class [com.paymybuddy.paymybuddy.services.MainServiceTest]: MainServiceTest does not declare any static, non-private, non-final, nested classes annotated with @Configuration.
2020-05-14 11:25:53,465 INFO o.s.b.t.c.SpringBootTestContextBootstrapper [main] Found @SpringBootConfiguration com.paymybuddy.paymybuddy.PaymybuddyApplication for test class com.paymybuddy.paymybuddy.services.MainServiceTest
2020-05-14 11:25:53,555 INFO o.s.t.c.s.AbstractTestContextBootstrapper [main] Loaded default TestExecutionListener class names from location [META-INF/spring.factories]: [org.springframework.boot.test.mock.mockito.MockitoTestExecutionListener, org.springframework.boot.test.mock.mockito.ResetMocksTestExecutionListener, org.springframework.boot.test.autoconfigure.restdocs.RestDocsTestExecutionListener, org.springframework.boot.test.autoconfigure.web.client.MockRestServiceServerResetTestExecutionListener, org.springframework.boot.test.autoconfigure.web.servlet.MockMvcPrintOnlyOnFailureTestExecutionListener, org.springframework.boot.test.autoconfigure.web.servlet.WebDriverTestExecutionListener, org.springframework.test.context.web.ServletTestExecutionListener, org.springframework.test.context.support.DirtiesContextBeforeModesTestExecutionListener, org.springframework.test.context.support.DependencyInjectionTestExecutionListener, org.springframework.test.context.support.DirtiesContextTestExecutionListener, org.springframework.test.context.transaction.TransactionalTestExecutionListener, org.springframework.test.context.jdbc.SqlScriptsTestExecutionListener, org.springframework.test.context.event.EventPublishingTestExecutionListener]
2020-05-14 11:25:53,572 INFO o.s.t.c.s.AbstractTestContextBootstrapper [main] Using TestExecutionListeners: [org.springframework.test.context.web.ServletTestExecutionListener@31ff1390, org.springframework.test.context.support.DirtiesContextBeforeModesTestExecutionListener@759d81f3, org.springframework.boot.test.mock.mockito.MockitoTestExecutionListener@781a9412, org.springframework.boot.test.autoconfigure.SpringBootDependencyInjectionTestExecutionListener@5a4c638d, org.springframework.test.context.support.DirtiesContextTestExecutionListener@13e698c7, org.springframework.test.context.transaction.TransactionalTestExecutionListener@aed0151, org.springframework.test.context.jdbc.SqlScriptsTestExecutionListener@267bbe1a, org.springframework.test.context.event.EventPublishingTestExecutionListener@1f12e153, org.springframework.boot.test.mock.mockito.ResetMocksTestExecutionListener@389562d6, org.springframework.boot.test.autoconfigure.restdocs.RestDocsTestExecutionListener@5a101b1c, org.springframework.boot.test.autoconfigure.web.client.MockRestServiceServerResetTestExecutionListener@2160e52a, org.springframework.boot.test.autoconfigure.web.servlet.MockMvcPrintOnlyOnFailureTestExecutionListener@29f0802c, org.springframework.boot.test.autoconfigure.web.servlet.WebDriverTestExecutionListener@3a60c416]
2020-05-14 11:25:53,950 INFO o.s.b.StartupInfoLogger [main] Starting MainServiceTest on PO702946VW7JAV with PID 6568 (started by S061930 in C:\Users\S061930\git\paymybuddy)
2020-05-14 11:25:53,952 INFO o.s.b.SpringApplication [main] The following profiles are active: test
2020-05-14 11:25:54,169 INFO o.h.v.i.u.Version [background-preinit] HV000001: Hibernate Validator 6.0.18.Final
2020-05-14 11:25:55,268 INFO o.s.d.r.c.RepositoryConfigurationDelegate [main] Bootstrapping Spring Data JPA repositories in DEFAULT mode.
2020-05-14 11:25:55,401 INFO o.s.d.r.c.RepositoryConfigurationDelegate [main] Finished Spring Data repository scanning in 150ms. Found 5 JPA repository interfaces.
2020-05-14 11:25:56,213 INFO o.h.j.i.u.LogHelper [main] HHH000204: Processing PersistenceUnitInfo [name: default]
2020-05-14 11:25:56,287 INFO o.h.Version [main] HHH000412: Hibernate ORM core version 5.4.12.Final
2020-05-14 11:25:56,643 INFO o.h.a.c.r.j.JavaReflectionManager [main] HCANN000001: Hibernate Commons Annotations {5.1.0.Final}
2020-05-14 11:25:56,752 INFO c.z.h.HikariDataSource [main] HikariPool-1 - Starting...
2020-05-14 11:25:57,104 INFO c.z.h.HikariDataSource [main] HikariPool-1 - Start completed.
2020-05-14 11:25:57,123 INFO o.h.d.Dialect [main] HHH000400: Using dialect: org.hibernate.dialect.H2Dialect
2020-05-14 11:25:58,469 INFO o.h.t.s.i.e.AbstractScriptSourceInput [main] HHH000476: Executing import script 'file:/C:/Users/S061930/git/paymybuddy/target/test-classes/import.sql'
2020-05-14 11:25:58,524 INFO o.h.e.t.j.p.i.JtaPlatformInitiator [main] HHH000490: Using JtaPlatform implementation: [org.hibernate.engine.transaction.jta.platform.internal.NoJtaPlatform]
2020-05-14 11:25:58,533 INFO o.s.o.j.AbstractEntityManagerFactoryBean [main] Initialized JPA EntityManagerFactory for persistence unit 'default'
2020-05-14 11:25:59,291 WARN o.s.b.a.o.j.JpaBaseConfiguration$JpaWebConfiguration [main] spring.jpa.open-in-view is enabled by default. Therefore, database queries may be performed during view rendering. Explicitly configure spring.jpa.open-in-view to disable this warning
2020-05-14 11:25:59,518 INFO o.s.s.c.ExecutorConfigurationSupport [main] Initializing ExecutorService 'applicationTaskExecutor'
2020-05-14 11:25:59,831 INFO o.s.b.a.h.H2ConsoleAutoConfiguration [main] H2 console available at '/h2-console'. Database available at 'jdbc:h2:mem:mydbtest'
2020-05-14 11:25:59,922 INFO o.s.b.StartupInfoLogger [main] Started MainServiceTest in 7.641 seconds (JVM running for 10.78)
2020-05-14 11:26:00,368 INFO o.s.s.c.ExecutorConfigurationSupport [SpringContextShutdownHook] Shutting down ExecutorService 'applicationTaskExecutor'
2020-05-14 11:26:00,380 INFO o.s.o.j.AbstractEntityManagerFactoryBean [SpringContextShutdownHook] Closing JPA EntityManagerFactory for persistence unit 'default'
2020-05-14 11:26:00,383 INFO c.z.h.HikariDataSource [SpringContextShutdownHook] HikariPool-1 - Shutdown initiated...
2020-05-14 11:26:00,412 INFO c.z.h.HikariDataSource [SpringContextShutdownHook] HikariPool-1 - Shutdown completed.
